Assembler report for mining_hardware_var
Mon Nov 25 20:38:17 2019
Quartus Prime Version 15.1.0 Build 185 10/21/2015 SJ Standard Edition


---------------------
; Table of Contents ;
---------------------
  1. Legal Notice
  2. Assembler Summary
  3. Assembler Settings
  4. Assembler Generated Files
  5. Assembler Device Options: C:/Users/TG1826/Documents/mining_hardware_var/output_files/mining_hardware_var.sof
  6. Assembler Messages



----------------
; Legal Notice ;
----------------
Copyright (C) 1991-2015 Altera Corporation. All rights reserved.
Your use of Altera Corporation's design tools, logic functions 
and other software and tools, and its AMPP partner logic 
functions, and any output files from any of the foregoing 
(including device programming or simulation files), and any 
associated documentation or information are expressly subject 
to the terms and conditions of the Altera Program License 
Subscription Agreement, the Altera Quartus Prime License Agreement,
the Altera MegaCore Function License Agreement, or other 
applicable license agreement, including, without limitation, 
that your use is for the sole purpose of programming logic 
devices manufactured by Altera and sold by Altera or its 
authorized distributors.  Please refer to the applicable 
agreement for further details.



+---------------------------------------------------------------+
; Assembler Summary                                             ;
+-----------------------+---------------------------------------+
; Assembler Status      ; Successful - Mon Nov 25 20:38:17 2019 ;
; Revision Name         ; mining_hardware_var                   ;
; Top-level Entity Name ; mining_hardware_var                   ;
; Family                ; Stratix IV                            ;
; Device                ; EP4SGX230KF40C2                       ;
+-----------------------+---------------------------------------+


+----------------------------------+
; Assembler Settings               ;
+--------+---------+---------------+
; Option ; Setting ; Default Value ;
+--------+---------+---------------+


+------------------------------------------------------------------------------------+
; Assembler Generated Files                                                          ;
+------------------------------------------------------------------------------------+
; File Name                                                                          ;
+------------------------------------------------------------------------------------+
; C:/Users/TG1826/Documents/mining_hardware_var/output_files/mining_hardware_var.sof ;
+------------------------------------------------------------------------------------+


+--------------------------------------------------------------------------------------------------------------+
; Assembler Device Options: C:/Users/TG1826/Documents/mining_hardware_var/output_files/mining_hardware_var.sof ;
+----------------+---------------------------------------------------------------------------------------------+
; Option         ; Setting                                                                                     ;
+----------------+---------------------------------------------------------------------------------------------+
; Device         ; EP4SGX230KF40C2                                                                             ;
; JTAG usercode  ; 0x0B3C9EF5                                                                                  ;
; Checksum       ; 0x0B3C9EF5                                                                                  ;
+----------------+---------------------------------------------------------------------------------------------+


+--------------------+
; Assembler Messages ;
+--------------------+
Info: *******************************************************************
Info: Running Quartus Prime Assembler
    Info: Version 15.1.0 Build 185 10/21/2015 SJ Standard Edition
    Info: Processing started: Mon Nov 25 20:37:34 2019
Info: Command: quartus_asm --read_settings_files=off --write_settings_files=off mining_hardware_var -c mining_hardware_var
Info (115031): Writing out detailed assembly data for power analysis
Info (115030): Assembler is generating device programming files
Info: Quartus Prime Assembler was successful. 0 errors, 0 warnings
    Info: Peak virtual memory: 5425 megabytes
    Info: Processing ended: Mon Nov 25 20:38:18 2019
    Info: Elapsed time: 00:00:44
    Info: Total CPU time (on all processors): 00:00:42


